<?xml version="1.0" encoding="UTF-8"?>
<!-- Generated by org.testng.reporters.JUnitReportReporter -->
<testsuite name="testCases.teleSalesPortal.MedadvFulfillment.MedAdv_Fulfillment_08" tests="1" time="241.099" ignored="0" failures="0" timestamp="24 Oct 2017 07:57:11 GMT" skipped="0" hostname="V000006112" errors="0">
  <testcase name="main" time="241.099" classname="testCases.teleSalesPortal.MedadvFulfillment.MedAdv_Fulfillment_08"/>
</testsuite> <!-- testCases.teleSalesPortal.MedadvFulfillment.MedAdv_Fulfillment_08 -->
