<?xml version="1.0" encoding="UTF-8"?>
<!-- Generated by org.testng.reporters.JUnitReportReporter -->
<testsuite name="testCases.teleSalesPortal.MedadvFulfillment.MedadvFulfillment_15" tests="1" time="846.174" ignored="0" failures="0" timestamp="24 Oct 2017 13:27:54 GMT" skipped="0" hostname="V000006112" errors="0">
  <testcase name="main" time="846.174" classname="testCases.teleSalesPortal.MedadvFulfillment.MedadvFulfillment_15"/>
</testsuite> <!-- testCases.teleSalesPortal.MedadvFulfillment.MedadvFulfillment_15 -->
