<?xml version="1.0" encoding="UTF-8"?>
<!-- Generated by org.testng.reporters.JUnitReportReporter -->
<testsuite name="testCases.teleSalesPortal.MedadvFulfillment.MedadvFulfillment_07" tests="1" time="193.220" ignored="0" failures="0" timestamp="23 Oct 2017 20:16:24 GMT" skipped="0" hostname="V000006112" errors="0">
  <testcase name="main" time="193.220" classname="testCases.teleSalesPortal.MedadvFulfillment.MedadvFulfillment_07"/>
</testsuite> <!-- testCases.teleSalesPortal.MedadvFulfillment.MedadvFulfillment_07 -->
