<?xml version="1.0" encoding="UTF-8"?>
<!-- Generated by org.testng.reporters.JUnitReportReporter -->
<testsuite name="testCases.teleSalesPortal.MedadvFulfillment.MedadvFulfillment_04" tests="1" time="248.610" ignored="0" failures="0" timestamp="23 Oct 2017 13:30:38 GMT" skipped="0" hostname="V000006112" errors="0">
  <testcase name="main" time="248.610" classname="testCases.teleSalesPortal.MedadvFulfillment.MedadvFulfillment_04"/>
</testsuite> <!-- testCases.teleSalesPortal.MedadvFulfillment.MedadvFulfillment_04 -->
