<?xml version="1.0" encoding="UTF-8"?>
<!-- Generated by org.testng.reporters.JUnitReportReporter -->
<testsuite name="testCases.teleSalesPortal.Medadv_Q2E_01" tests="1" time="259.629" ignored="26" failures="0" timestamp="25 Oct 2017 05:56:47 GMT" skipped="0" hostname="V000006112" errors="0">
  <testcase name="MedAdv_Q2E_Lead_FillApplication" time="259.629" classname="testCases.teleSalesPortal.Medadv_Q2E_01"/>
  <testcase name="setUp" classname="utility.BaseExtentReport">
    <skipped/>
  </testcase> <!-- setUp -->
  <testcase name="setUp" classname="utility.BaseExtentReport">
    <skipped/>
  </testcase> <!-- setUp -->
  <testcase name="setUp" classname="utility.BaseExtentReport">
    <skipped/>
  </testcase> <!-- setUp -->
  <testcase name="setUp" classname="utility.BaseExtentReport">
    <skipped/>
  </testcase> <!-- setUp -->
  <testcase name="setUp" classname="utility.BaseExtentReport">
    <skipped/>
  </testcase> <!-- setUp -->
  <testcase name="setUp" classname="utility.BaseExtentReport">
    <skipped/>
  </testcase> <!-- setUp -->
  <testcase name="setUp" classname="utility.BaseExtentReport">
    <skipped/>
  </testcase> <!-- setUp -->
  <testcase name="setUp" classname="utility.BaseExtentReport">
    <skipped/>
  </testcase> <!-- setUp -->
  <testcase name="setUp" classname="utility.BaseExtentReport">
    <skipped/>
  </testcase> <!-- setUp -->
  <testcase name="setUp" classname="utility.BaseExtentReport">
    <skipped/>
  </testcase> <!-- setUp -->
  <testcase name="setUp" classname="utility.BaseExtentReport">
    <skipped/>
  </testcase> <!-- setUp -->
  <testcase name="setUp" classname="utility.BaseExtentReport">
    <skipped/>
  </testcase> <!-- setUp -->
  <testcase name="setUp" classname="utility.BaseExtentReport">
    <skipped/>
  </testcase> <!-- setUp -->
  <testcase name="tearDown" classname="utility.BaseExtentReport">
    <skipped/>
  </testcase> <!-- tearDown -->
  <testcase name="tearDown" classname="utility.BaseExtentReport">
    <skipped/>
  </testcase> <!-- tearDown -->
  <testcase name="tearDown" classname="utility.BaseExtentReport">
    <skipped/>
  </testcase> <!-- tearDown -->
  <testcase name="tearDown" classname="utility.BaseExtentReport">
    <skipped/>
  </testcase> <!-- tearDown -->
  <testcase name="tearDown" classname="utility.BaseExtentReport">
    <skipped/>
  </testcase> <!-- tearDown -->
  <testcase name="tearDown" classname="utility.BaseExtentReport">
    <skipped/>
  </testcase> <!-- tearDown -->
  <testcase name="tearDown" classname="utility.BaseExtentReport">
    <skipped/>
  </testcase> <!-- tearDown -->
  <testcase name="tearDown" classname="utility.BaseExtentReport">
    <skipped/>
  </testcase> <!-- tearDown -->
  <testcase name="tearDown" classname="utility.BaseExtentReport">
    <skipped/>
  </testcase> <!-- tearDown -->
  <testcase name="tearDown" classname="utility.BaseExtentReport">
    <skipped/>
  </testcase> <!-- tearDown -->
  <testcase name="tearDown" classname="utility.BaseExtentReport">
    <skipped/>
  </testcase> <!-- tearDown -->
  <testcase name="tearDown" classname="utility.BaseExtentReport">
    <skipped/>
  </testcase> <!-- tearDown -->
  <testcase name="tearDown" classname="utility.BaseExtentReport">
    <skipped/>
  </testcase> <!-- tearDown -->
</testsuite> <!-- testCases.teleSalesPortal.Medadv_Q2E_01 -->
