<?xml version="1.0" encoding="UTF-8"?>
<!-- Generated by org.testng.reporters.JUnitReportReporter -->
<testsuite name="testCases.teleSalesPortal.U65_Q2E_04_updated" tests="1" time="136.735" ignored="26" failures="0" timestamp="25 Oct 2017 05:56:47 GMT" skipped="0" hostname="V000006112" errors="0">
  <testcase name="U65_Q2E_SetMyInfo_Invalid" time="136.735" classname="testCases.teleSalesPortal.U65_Q2E_04_updated"/>
  <testcase name="setUp" classname="utility.BaseExtentReport">
    <skipped/>
  </testcase> <!-- setUp -->
  <testcase name="setUp" classname="utility.BaseExtentReport">
    <skipped/>
  </testcase> <!-- setUp -->
  <testcase name="setUp" classname="utility.BaseExtentReport">
    <skipped/>
  </testcase> <!-- setUp -->
  <testcase name="setUp" classname="utility.BaseExtentReport">
    <skipped/>
  </testcase> <!-- setUp -->
  <testcase name="setUp" classname="utility.BaseExtentReport">
    <skipped/>
  </testcase> <!-- setUp -->
  <testcase name="setUp" classname="utility.BaseExtentReport">
    <skipped/>
  </testcase> <!-- setUp -->
  <testcase name="setUp" classname="utility.BaseExtentReport">
    <skipped/>
  </testcase> <!-- setUp -->
  <testcase name="setUp" classname="utility.BaseExtentReport">
    <skipped/>
  </testcase> <!-- setUp -->
  <testcase name="setUp" classname="utility.BaseExtentReport">
    <skipped/>
  </testcase> <!-- setUp -->
  <testcase name="setUp" classname="utility.BaseExtentReport">
    <skipped/>
  </testcase> <!-- setUp -->
  <testcase name="setUp" classname="utility.BaseExtentReport">
    <skipped/>
  </testcase> <!-- setUp -->
  <testcase name="setUp" classname="utility.BaseExtentReport">
    <skipped/>
  </testcase> <!-- setUp -->
  <testcase name="setUp" classname="utility.BaseExtentReport">
    <skipped/>
  </testcase> <!-- setUp -->
  <testcase name="tearDown" classname="utility.BaseExtentReport">
    <skipped/>
  </testcase> <!-- tearDown -->
  <testcase name="tearDown" classname="utility.BaseExtentReport">
    <skipped/>
  </testcase> <!-- tearDown -->
  <testcase name="tearDown" classname="utility.BaseExtentReport">
    <skipped/>
  </testcase> <!-- tearDown -->
  <testcase name="tearDown" classname="utility.BaseExtentReport">
    <skipped/>
  </testcase> <!-- tearDown -->
  <testcase name="tearDown" classname="utility.BaseExtentReport">
    <skipped/>
  </testcase> <!-- tearDown -->
  <testcase name="tearDown" classname="utility.BaseExtentReport">
    <skipped/>
  </testcase> <!-- tearDown -->
  <testcase name="tearDown" classname="utility.BaseExtentReport">
    <skipped/>
  </testcase> <!-- tearDown -->
  <testcase name="tearDown" classname="utility.BaseExtentReport">
    <skipped/>
  </testcase> <!-- tearDown -->
  <testcase name="tearDown" classname="utility.BaseExtentReport">
    <skipped/>
  </testcase> <!-- tearDown -->
  <testcase name="tearDown" classname="utility.BaseExtentReport">
    <skipped/>
  </testcase> <!-- tearDown -->
  <testcase name="tearDown" classname="utility.BaseExtentReport">
    <skipped/>
  </testcase> <!-- tearDown -->
  <testcase name="tearDown" classname="utility.BaseExtentReport">
    <skipped/>
  </testcase> <!-- tearDown -->
  <testcase name="tearDown" classname="utility.BaseExtentReport">
    <skipped/>
  </testcase> <!-- tearDown -->
</testsuite> <!-- testCases.teleSalesPortal.U65_Q2E_04_updated -->
