<?xml version="1.0" encoding="UTF-8"?>
<!-- Generated by org.testng.reporters.JUnitReportReporter -->
<testsuite name="testCases.teleSalesPortal.MedadvFulfillment.MedadvFulfillment_01" tests="1" time="153.085" ignored="0" failures="0" timestamp="20 Oct 2017 16:53:54 GMT" skipped="0" hostname="V000006112" errors="0">
  <testcase name="main" time="153.085" classname="testCases.teleSalesPortal.MedadvFulfillment.MedadvFulfillment_01"/>
</testsuite> <!-- testCases.teleSalesPortal.MedadvFulfillment.MedadvFulfillment_01 -->
