<?xml version="1.0" encoding="UTF-8"?>
<!-- Generated by org.testng.reporters.JUnitReportReporter -->
<testsuite skipped="0" hostname="V0001001179" name="testCases.AdminTool.SmallGroupSBCDownload_inPDFRepository" tests="1" failures="0" timestamp="10 Nov 2017 08:06:32 GMT" time="24.241" errors="0">
  <testcase name="test" time="24.241" classname="testCases.AdminTool.SmallGroupSBCDownload_inPDFRepository"/>
</testsuite> <!-- testCases.AdminTool.SmallGroupSBCDownload_inPDFRepository -->
