<?xml version="1.0" encoding="UTF-8"?>
<!-- Generated by org.testng.reporters.JUnitReportReporter -->
<testsuite skipped="0" hostname="V0001001179" name="testCases.AdminTool.BulkLoadRepository" tests="1" failures="0" timestamp="06 Nov 2017 04:26:33 GMT" time="8.838" errors="0">
  <testcase name="test" time="8.838" classname="testCases.AdminTool.BulkLoadRepository"/>
</testsuite> <!-- testCases.AdminTool.BulkLoadRepository -->
